<?xml version="1.0" encoding="UTF-8"?>
<testng-results ignored="0" total="3" passed="3" failed="0" skipped="0">
  <reporter-output>
  </reporter-output>
  <suite started-at="2025-07-15T13:02:08 IST" name="Default suite" finished-at="2025-07-15T13:03:42 IST" duration-ms="93195">
    <groups>
      <group name="cucumber">
        <method signature="AbstractTestNGCucumberTests.runScenario(io.cucumber.testng.PickleWrapper,io.cucumber.testng.FeatureWrapper)[pri:0, instance:runners.TestRunner@4c309d4d]" name="runScenario" class="io.cucumber.testng.AbstractTestNGCucumberTests"/>
      </group> <!-- cucumber -->
    </groups>
    <test started-at="2025-07-15T13:02:08 IST" name="Default test" finished-at="2025-07-15T13:03:42 IST" duration-ms="93195">
      <class name="runners.TestRunner">
        <test-method is-config="true" signature="setUpClass(org.testng.ITestContext)[pri:0, instance:runners.TestRunner@4c309d4d]" started-at="2025-07-15T13:02:08 IST" name="setUpClass" finished-at="2025-07-15T13:02:10 IST" duration-ms="1487" status="PASS">
          <params>
            <param index="0">
              <value>
                <![CDATA[org.testng.TestRunner@7fac18dc]]>
              </value>
            </param>
          </params>
          <reporter-output>
          </reporter-output>
        </test-method> <!-- setUpClass -->
        <test-method signature="runScenario(io.cucumber.testng.PickleWrapper,io.cucumber.testng.FeatureWrapper)[pri:0, instance:runners.TestRunner@4c309d4d]" started-at="2025-07-15T13:02:10 IST" name="runScenario" description="Runs Cucumber Scenarios" data-provider="scenarios" finished-at="2025-07-15T13:02:36 IST" duration-ms="25770" status="PASS">
          <params>
            <param index="0">
              <value>
                <![CDATA["Verify Error Message for Invalid Mobile Number during Car Insurance Quote"]]>
              </value>
            </param>
            <param index="1">
              <value>
                <![CDATA["Car Insurance Quote Submission"]]>
              </value>
            </param>
          </params>
          <reporter-output>
          </reporter-output>
        </test-method> <!-- runScenario -->
        <test-method signature="runScenario(io.cucumber.testng.PickleWrapper,io.cucumber.testng.FeatureWrapper)[pri:0, instance:runners.TestRunner@4c309d4d]" started-at="2025-07-15T13:02:36 IST" name="runScenario" description="Runs Cucumber Scenarios" data-provider="scenarios" finished-at="2025-07-15T13:03:02 IST" duration-ms="26097" status="PASS">
          <params>
            <param index="0">
              <value>
                <![CDATA["Verify display of medical insurance options"]]>
              </value>
            </param>
            <param index="1">
              <value>
                <![CDATA["Medical Insurance Options Retrieval"]]>
              </value>
            </param>
          </params>
          <reporter-output>
          </reporter-output>
        </test-method> <!-- runScenario -->
        <test-method signature="runScenario(io.cucumber.testng.PickleWrapper,io.cucumber.testng.FeatureWrapper)[pri:0, instance:runners.TestRunner@4c309d4d]" started-at="2025-07-15T13:03:02 IST" name="runScenario" description="Runs Cucumber Scenarios" data-provider="scenarios" finished-at="2025-07-15T13:03:41 IST" duration-ms="39568" status="PASS">
          <params>
            <param index="0">
              <value>
                <![CDATA["Successfully navigate through the travel insurance quote process"]]>
              </value>
            </param>
            <param index="1">
              <value>
                <![CDATA["Travel Insurance Quote Flow"]]>
              </value>
            </param>
          </params>
          <reporter-output>
          </reporter-output>
        </test-method> <!-- runScenario -->
        <test-method is-config="true" signature="tearDownClass()[pri:0, instance:runners.TestRunner@4c309d4d]" started-at="2025-07-15T13:03:41 IST" name="tearDownClass" finished-at="2025-07-15T13:03:42 IST" duration-ms="114" status="PASS">
          <reporter-output>
          </reporter-output>
        </test-method> <!-- tearDownClass -->
      </class> <!-- runners.TestRunner -->
    </test> <!-- Default test -->
  </suite> <!-- Default suite -->
</testng-results>
